<?xml version="1.0" encoding="UTF-8"?>
<testsuite xmlns:xsi="http://www.w3.org/2001/XMLSchema-instance" xsi:noNamespaceSchemaLocation="https://maven.apache.org/surefire/maven-failsafe-plugin/xsd/failsafe-test-report.xsd" name="kristiania.enterprise.exam.frontend.selenium.SeleniumDockerIT" time="72.532" tests="6" errors="0" skipped="0" failures="0">
  <properties>
[...]
</properties>
  <testcase name="canIncrement" classname="kristiania.enterprise.exam.frontend.selenium.SeleniumDockerIT" time="7.378"/>
  <testcase name="canGoToPlachoderPage" classname="kristiania.enterprise.exam.frontend.selenium.SeleniumDockerIT" time="2.548"/>
  <testcase name="canDeleteItem" classname="kristiania.enterprise.exam.frontend.selenium.SeleniumDockerIT" time="3.894"/>
  <testcase name="testCreateAndLogoutUser" classname="kristiania.enterprise.exam.frontend.selenium.SeleniumDockerIT" time="2.66"/>
  <testcase name="placeholderButtonVisibleWhenLoggedIn" classname="kristiania.enterprise.exam.frontend.selenium.SeleniumDockerIT" time="2.293"/>
  <testcase name="canAddItem" classname="kristiania.enterprise.exam.frontend.selenium.SeleniumDockerIT" time="4.033"/>
</testsuite>